#
# There is insufficient memory for the Java Runtime Environment to continue.
# Native memory allocation (mmap) failed to map 264241152 bytes. Error detail: G1 virtual space
# Possible reasons:
#   The system is out of physical RAM or swap space
#   This process is running with CompressedOops enabled, and the Java Heap may be blocking the growth of the native heap
# Possible solutions:
#   Reduce memory load on the system
#   Increase physical memory or swap space
#   Check if swap backing store is full
#   Decrease Java heap size (-Xmx/-Xms)
#   Decrease number of Java threads
#   Decrease Java thread stack sizes (-Xss)
#   Set larger code cache with -XX:ReservedCodeCacheSize=
#   JVM is running with Zero Based Compressed Oops mode in which the Java heap is
#     placed in the first 32GB address space. The Java Heap base address is the
#     maximum limit for the native heap growth. Please use -XX:HeapBaseMinAddress
#     to set the Java Heap base and to place the Java Heap above 32GB virtual address.
# This output file may be truncated or incomplete.
#
#  Out of Memory Error (os_windows.cpp:3828), pid=18560, tid=8156
#
# JRE version:  (21.0.4+13) (build )
# Java VM: OpenJDK 64-Bit Server VM (21.0.4+13-b509.17, mixed mode, sharing, tiered, compressed oops, compressed class ptrs, g1 gc, windows-amd64)
# No core dump will be written. Minidumps are not enabled by default on client versions of Windows
#

---------------  S U M M A R Y ------------

Command Line: git4idea.http.GitAskPassApp Username for 'https://github.com': 

Host: 13th Gen Intel(R) Core(TM) i7-13650HX, 20 cores, 15G,  Windows 11 , 64 bit Build 26100 (10.0.26100.2454)
Time: Sun Dec 29 15:31:30 2024 W. Central Africa Standard Time elapsed time: 1.190957 seconds (0d 0h 0m 1s)

---------------  T H R E A D  ---------------

Current thread (0x0000024e2a692ba0):  JavaThread "Unknown thread" [_thread_in_vm, id=8156, stack(0x0000008ae8500000,0x0000008ae8600000) (1024K)]

Stack: [0x0000008ae8500000,0x0000008ae8600000]
Native frames: (J=compiled Java code, j=interpreted, Vv=VM code, C=native code)
V  [jvm.dll+0x6e36d9]
V  [jvm.dll+0x8c0bd3]
V  [jvm.dll+0x8c312e]
V  [jvm.dll+0x8c3813]
V  [jvm.dll+0x288256]
V  [jvm.dll+0x6dfe65]
V  [jvm.dll+0x6d433a]
V  [jvm.dll+0x36209b]
V  [jvm.dll+0x369c46]
V  [jvm.dll+0x3bbd76]
V  [jvm.dll+0x3bc048]
V  [jvm.dll+0x33485c]
V  [jvm.dll+0x33554b]
V  [jvm.dll+0x888039]
V  [jvm.dll+0x3c8ea8]
V  [jvm.dll+0x8711d8]
V  [jvm.dll+0x45d85e]
V  [jvm.dll+0x45f541]
C  [jli.dll+0x52ab]
C  [ucrtbase.dll+0x14ea0]
C  [KERNEL32.DLL+0x2e8d7]
C  [ntdll.dll+0xdfbcc]


---------------  P R O C E S S  ---------------

Threads class SMR info:
_java_thread_list=0x00007ffb3add2108, length=0, elements={
}

Java Threads: ( => current thread )
Total: 0

Other Threads:
  0x0000024e2c25eb50 WorkerThread "GC Thread#0"                     [id=25320, stack(0x0000008ae8600000,0x0000008ae8700000) (1024K)]
  0x0000024e2c270440 ConcurrentGCThread "G1 Main Marker"            [id=10800, stack(0x0000008ae8700000,0x0000008ae8800000) (1024K)]
  0x0000024e2c270e50 WorkerThread "G1 Conc#0"                       [id=31464, stack(0x0000008ae8800000,0x0000008ae8900000) (1024K)]

[error occurred during error reporting (printing all threads), id 0xc0000005, EXCEPTION_ACCESS_VIOLATION (0xc0000005) at pc=0x00007ffb3a4c7917]
VM state: not at safepoint (not fully initialized)

VM Mutex/Monitor currently owned by a thread:  ([mutex/lock_event])
[0x00007ffb3ae46a48] Heap_lock - owner thread: 0x0000024e2a692ba0

Heap address: 0x0000000704800000, size: 4024 MB, Compressed Oops mode: Zero based, Oop shift amount: 3

CDS archive(s) mapped at: [0x0000000000000000-0x0000000000000000-0x0000000000000000), size 0, SharedBaseAddress: 0x0000000800000000, ArchiveRelocationMode: 1.
Narrow klass base: 0x0000000000000000, Narrow klass shift: 0, Narrow klass range: 0x0

GC Precious Log:
 CardTable entry size: 512
 Card Set container configuration: InlinePtr #cards 4 size 8 Array Of Cards #cards 16 size 48 Howl #buckets 8 coarsen threshold 3686 Howl Bitmap #cards 512 size 80 coarsen threshold 460 Card regions per heap region 1 cards per card region 4096

Heap:
 garbage-first heap   total 0K, used 0K [0x0000000704800000, 0x0000000800000000)
  region size 2048K, 0 young (0K), 0 survivors (0K)
 Metaspace       used 0K, committed 0K, reserved 0K
  class space    used 0K, committed 0K, reserved 0K

Heap Regions: E=young(eden), S=young(survivor), O=old, HS=humongous(starts), HC=humongous(continues), CS=collection set, F=free, TAMS=top-at-mark-start, PB=parsable bottom

Card table byte_map: [0x0000024e40b50000,0x0000024e41330000] _byte_map_base: 0x0000024e3d32c000

Marking Bits: (CMBitMap*) 0x0000024e2c25f160
 Bits: [0x0000024e41330000, 0x0000024e45210000)

GC Heap History (0 events):
No events

Dll operation events (1 events):
Event: 0.006 Loaded shared library D:\IntelliJ IDEA 2024.2.3\jbr\bin\java.dll

Deoptimization events (0 events):
No events

Classes loaded (0 events):
No events

Classes unloaded (0 events):
No events

Classes redefined (0 events):
No events

Internal exceptions (0 events):
No events

ZGC Phase Switch (0 events):
No events

VM Operations (0 events):
No events

Memory protections (0 events):
No events

Nmethod flushes (0 events):
No events

Events (0 events):
No events


Dynamic libraries:
0x00007ff627fe0000 - 0x00007ff627fea000 	D:\IntelliJ IDEA 2024.2.3\jbr\bin\java.exe
0x00007ffbfcba0000 - 0x00007ffbfce03000 	C:\WINDOWS\SYSTEM32\ntdll.dll
0x00007ffbfc090000 - 0x00007ffbfc158000 	C:\WINDOWS\System32\KERNEL32.DLL
0x00007ffbfa190000 - 0x00007ffbfa542000 	C:\WINDOWS\System32\KERNELBASE.dll
0x00007ffbfa010000 - 0x00007ffbfa15b000 	C:\WINDOWS\System32\ucrtbase.dll
0x00007ffbc7d50000 - 0x00007ffbc7d68000 	D:\IntelliJ IDEA 2024.2.3\jbr\bin\jli.dll
0x00007ffbe4df0000 - 0x00007ffbe4e0b000 	D:\IntelliJ IDEA 2024.2.3\jbr\bin\VCRUNTIME140.dll
0x00007ffbfc7f0000 - 0x00007ffbfc9b8000 	C:\WINDOWS\System32\USER32.dll
0x00007ffbd53b0000 - 0x00007ffbd5640000 	C:\WINDOWS\WinSxS\amd64_microsoft.windows.common-controls_6595b64144ccf1df_6.0.26100.2454_none_3e0b68a2e331ad60\COMCTL32.dll
0x00007ffbfa160000 - 0x00007ffbfa187000 	C:\WINDOWS\System32\win32u.dll
0x00007ffbfc740000 - 0x00007ffbfc7e9000 	C:\WINDOWS\System32\msvcrt.dll
0x00007ffbfaed0000 - 0x00007ffbfaefa000 	C:\WINDOWS\System32\GDI32.dll
0x00007ffbfa550000 - 0x00007ffbfa67b000 	C:\WINDOWS\System32\gdi32full.dll
0x00007ffbfa680000 - 0x00007ffbfa723000 	C:\WINDOWS\System32\msvcp_win.dll
0x00007ffbfca30000 - 0x00007ffbfca5f000 	C:\WINDOWS\System32\IMM32.DLL
0x00007ffbe4de0000 - 0x00007ffbe4dec000 	D:\IntelliJ IDEA 2024.2.3\jbr\bin\vcruntime140_1.dll
0x00007ffb58470000 - 0x00007ffb584fd000 	D:\IntelliJ IDEA 2024.2.3\jbr\bin\msvcp140.dll
0x00007ffb3a180000 - 0x00007ffb3af37000 	D:\IntelliJ IDEA 2024.2.3\jbr\bin\server\jvm.dll
0x00007ffbfc1c0000 - 0x00007ffbfc274000 	C:\WINDOWS\System32\ADVAPI32.dll
0x00007ffbfbf00000 - 0x00007ffbfbfa6000 	C:\WINDOWS\System32\sechost.dll
0x00007ffbfbca0000 - 0x00007ffbfbdb6000 	C:\WINDOWS\System32\RPCRT4.dll
0x00007ffbfaf00000 - 0x00007ffbfaf74000 	C:\WINDOWS\System32\WS2_32.dll
0x00007ffbf95d0000 - 0x00007ffbf961e000 	C:\WINDOWS\SYSTEM32\POWRPROF.dll
0x00007ffbf41d0000 - 0x00007ffbf4206000 	C:\WINDOWS\SYSTEM32\WINMM.dll
0x00007ffbf0a70000 - 0x00007ffbf0a7b000 	C:\WINDOWS\SYSTEM32\VERSION.dll
0x00007ffbf95b0000 - 0x00007ffbf95c4000 	C:\WINDOWS\SYSTEM32\UMPDC.dll
0x00007ffbf8cd0000 - 0x00007ffbf8cea000 	C:\WINDOWS\SYSTEM32\kernel.appcore.dll
0x00007ffbe4dd0000 - 0x00007ffbe4dda000 	D:\IntelliJ IDEA 2024.2.3\jbr\bin\jimage.dll
0x00007ffbf7940000 - 0x00007ffbf7b81000 	C:\WINDOWS\SYSTEM32\DBGHELP.DLL
0x00007ffbfaa90000 - 0x00007ffbfae0e000 	C:\WINDOWS\System32\combase.dll
0x00007ffbfbe20000 - 0x00007ffbfbef6000 	C:\WINDOWS\System32\OLEAUT32.dll
0x00007ffbdf0b0000 - 0x00007ffbdf0e9000 	C:\WINDOWS\SYSTEM32\dbgcore.DLL
0x00007ffbf9f70000 - 0x00007ffbfa009000 	C:\WINDOWS\System32\bcryptPrimitives.dll
0x00007ffbdcd60000 - 0x00007ffbdcd7f000 	D:\IntelliJ IDEA 2024.2.3\jbr\bin\java.dll

dbghelp: loaded successfully - version: 4.0.5 - missing functions: none
symbol engine: initialized successfully - sym options: 0x614 - pdb path: .;D:\IntelliJ IDEA 2024.2.3\jbr\bin;C:\WINDOWS\SYSTEM32;C:\WINDOWS\WinSxS\amd64_microsoft.windows.common-controls_6595b64144ccf1df_6.0.26100.2454_none_3e0b68a2e331ad60;D:\IntelliJ IDEA 2024.2.3\jbr\bin\server

VM Arguments:
java_command: git4idea.http.GitAskPassApp Username for 'https://github.com': 
java_class_path (initial): D:/IntelliJ IDEA 2024.2.3/plugins/vcs-git/lib/git4idea-rt.jar;D:/IntelliJ IDEA 2024.2.3/lib/externalProcess-rt.jar
Launcher Type: SUN_STANDARD

[Global flags]
     intx CICompilerCount                          = 12                                        {product} {ergonomic}
     uint ConcGCThreads                            = 4                                         {product} {ergonomic}
     uint G1ConcRefinementThreads                  = 15                                        {product} {ergonomic}
   size_t G1HeapRegionSize                         = 2097152                                   {product} {ergonomic}
    uintx GCDrainStackTargetSize                   = 64                                        {product} {ergonomic}
   size_t InitialHeapSize                          = 264241152                                 {product} {ergonomic}
   size_t MarkStackSize                            = 4194304                                   {product} {ergonomic}
   size_t MaxHeapSize                              = 4219469824                                {product} {ergonomic}
   size_t MinHeapDeltaBytes                        = 2097152                                   {product} {ergonomic}
   size_t MinHeapSize                              = 8388608                                   {product} {ergonomic}
    uintx NonNMethodCodeHeapSize                   = 7602480                                {pd product} {ergonomic}
    uintx NonProfiledCodeHeapSize                  = 122027880                              {pd product} {ergonomic}
    uintx ProfiledCodeHeapSize                     = 122027880                              {pd product} {ergonomic}
    uintx ReservedCodeCacheSize                    = 251658240                              {pd product} {ergonomic}
     bool SegmentedCodeCache                       = true                                      {product} {ergonomic}
   size_t SoftMaxHeapSize                          = 4219469824                             {manageable} {ergonomic}
     bool UseCompressedOops                        = true                           {product lp64_product} {ergonomic}
     bool UseG1GC                                  = true                                      {product} {ergonomic}
     bool UseLargePagesIndividualAllocation        = false                                  {pd product} {ergonomic}

Logging:
Log output configuration:
 #0: stdout all=warning uptime,level,tags foldmultilines=false
 #1: stderr all=off uptime,level,tags foldmultilines=false

Environment Variables:
PATH=C:\Program Files\Git\mingw64\libexec\git-core;C:\Program Files\Git\mingw64\libexec\git-core;C:\Program Files\Git\mingw64\bin;C:\Program Files\Git\usr\bin;C:\Users\modat\bin;C:\oraclexe\app\oracle\product\11.2.0\server\bin;C:\Python312\Scripts;C:\Python312;C:\WINDOWS\system32;C:\WINDOWS;C:\WINDOWS\System32\Wbem;C:\WINDOWS\System32\WindowsPowerShell\v1.0;C:\WINDOWS\System32\OpenSSH;C:\Program Files (x86)\NVIDIA Corporation\PhysX\Common;C:\Program Files\Git\cmd;D:\;C:\ProgramData\chocolatey\bin;C:\Program Files\Docker\Docker\resources\bin;D:\xampp\php;C:\Program Files\dotnet;C:\Program Files\NVIDIA Corporation\NVIDIA app\NvDLISR;C:\Users\modat\AppData\Local\Microsoft\WindowsApps;D:\WebStorm 2024.2.3\bin;D:\IntelliJ IDEA 2024.2.3\bin;D:\PhpStorm 2024.2.2\bin;D:\Microsoft VS Code\bin;C:\Users\modat\AppData\Roaming\npm
USERNAME=modat
DISPLAY=:0.0
LC_ALL=en_US.UTF-8
TERM=xterm-256color
TMPDIR=C:\Users\modat\AppData\Local\Temp
OS=Windows_NT
PROCESSOR_IDENTIFIER=Intel64 Family 6 Model 183 Stepping 1, GenuineIntel
TMP=C:\Users\modat\AppData\Local\Temp
TEMP=C:\Users\modat\AppData\Local\Temp




Periodic native trim disabled

JNI global refs:
JNI global refs: 0, weak refs: 0

JNI global refs memory usage: 0, weak refs: 0

Process memory usage:
Resident Set Size: 12456K (0% of 16478072K total physical memory with 492960K free physical memory)

OOME stack traces (most recent first):
Classloader memory used:

---------------  S Y S T E M  ---------------

OS:
 Windows 11 , 64 bit Build 26100 (10.0.26100.2454)
OS uptime: 3 days 21:34 hours
Hyper-V role detected

CPU: total 20 (initial active 20) (10 cores per cpu, 2 threads per core) family 6 model 183 stepping 1 microcode 0x129, cx8, cmov, fxsr, ht, mmx, 3dnowpref, sse, sse2, sse3, ssse3, sse4.1, sse4.2, popcnt, lzcnt, tsc, tscinvbit, avx, avx2, aes, erms, clmul, bmi1, bmi2, adx, sha, fma, vzeroupper, clflush, clflushopt, clwb, hv, serialize, rdtscp, rdpid, fsrm, f16c, cet_ibt, cet_ss
Processor Information for processor 0
  Max Mhz: 2600, Current Mhz: 2600, Mhz Limit: 2600
Processor Information for processor 1
  Max Mhz: 2600, Current Mhz: 2600, Mhz Limit: 2600
Processor Information for processor 2
  Max Mhz: 2600, Current Mhz: 2600, Mhz Limit: 2600
Processor Information for processor 3
  Max Mhz: 2600, Current Mhz: 2600, Mhz Limit: 2600
Processor Information for processor 4
  Max Mhz: 2600, Current Mhz: 2600, Mhz Limit: 2600
Processor Information for processor 5
  Max Mhz: 2600, Current Mhz: 2600, Mhz Limit: 2600
Processor Information for processor 6
  Max Mhz: 2600, Current Mhz: 2600, Mhz Limit: 2600
Processor Information for processor 7
  Max Mhz: 2600, Current Mhz: 2600, Mhz Limit: 2600
Processor Information for processor 8
  Max Mhz: 2600, Current Mhz: 2600, Mhz Limit: 2600
Processor Information for processor 9
  Max Mhz: 2600, Current Mhz: 2600, Mhz Limit: 2600
Processor Information for processor 10
  Max Mhz: 2600, Current Mhz: 2600, Mhz Limit: 2600
Processor Information for processor 11
  Max Mhz: 2600, Current Mhz: 2600, Mhz Limit: 2600
Processor Information for processor 12
  Max Mhz: 2600, Current Mhz: 1505, Mhz Limit: 2600
Processor Information for processor 13
  Max Mhz: 2600, Current Mhz: 1505, Mhz Limit: 2600
Processor Information for processor 14
  Max Mhz: 2600, Current Mhz: 2600, Mhz Limit: 2600
Processor Information for processor 15
  Max Mhz: 2600, Current Mhz: 2600, Mhz Limit: 2600
Processor Information for processor 16
  Max Mhz: 2600, Current Mhz: 2600, Mhz Limit: 2600
Processor Information for processor 17
  Max Mhz: 2600, Current Mhz: 1505, Mhz Limit: 2600
Processor Information for processor 18
  Max Mhz: 2600, Current Mhz: 1505, Mhz Limit: 2600
Processor Information for processor 19
  Max Mhz: 2600, Current Mhz: 1505, Mhz Limit: 2600

Memory: 4k page, system-wide physical 16091M (481M free)
TotalPageFile size 47259M (AvailPageFile size 220M)
current process WorkingSet (physical memory assigned to process): 12M, peak: 12M
current process commit charge ("private bytes"): 75M, peak: 327M

vm_info: OpenJDK 64-Bit Server VM (21.0.4+13-b509.17) for windows-amd64 JRE (21.0.4+13-b509.17), built on 2024-09-04 by "builduser" with MS VC++ 16.10 / 16.11 (VS2019)

END.
